<?xml version="1.0" encoding="UTF-8"?>
<testsuites name="jest tests" tests="1" failures="0" errors="0" time="4.771">
  <testsuite name="undefined" errors="0" failures="0" skipped="0" timestamp="2022-10-12T09:54:51" time="3.391" tests="1">
    <testcase classname=" renders learn react link" name=" renders learn react link" time="0.096">
    </testcase>
  </testsuite>
</testsuites>